0 info it worked if it ends with ok
1 verbose cli [ 'node', '/usr/local/bin/npm', 'link' ]
2 info using npm@2.5.1
3 info using node@v0.12.0
4 verbose node symlink /usr/local/bin/node
5 verbose linkPkg /Users/lucaswoj/Projects/Scree/code/screess
6 verbose gentlyRm vacuuming /usr/local/lib/node_modules/screess
7 silly gentlyRm purging /usr/local/lib/node_modules/screess
8 silly gentlyRm quitting because other entries in /usr/local/lib/node_modules
9 verbose gentlyRm vacuuming /usr/local/lib/node_modules/screess
10 verbose link build target /usr/local/lib/node_modules/screess
11 verbose install where, what [ '/Users/lucaswoj/Projects/Scree/code/screess', [] ]
12 verbose install where, deps [ '/Users/lucaswoj/Projects/Scree/code/screess',
12 verbose install   [ 'commander',
12 verbose install     'mapbox-gl-style-lint',
12 verbose install     'mapbox-gl-style-spec',
12 verbose install     'pegjs',
12 verbose install     'typescript',
12 verbose install     'coffee-script',
12 verbose install     'pegjs-coffee-plugin',
12 verbose install     'mocha',
12 verbose install     'browserify',
12 verbose install     'source-map-support',
12 verbose install     'tsd' ] ]
13 verbose install where, peers [ '/Users/lucaswoj/Projects/Scree/code/screess', [] ]
14 info preinstall screess@0.1.0
15 verbose already installed skipping pegjs-coffee-plugin@ /Users/lucaswoj/Projects/Scree/code/screess
16 verbose already installed skipping mocha@ /Users/lucaswoj/Projects/Scree/code/screess
17 verbose already installed skipping browserify@ /Users/lucaswoj/Projects/Scree/code/screess
18 verbose already installed skipping source-map-support@^0.2.8 /Users/lucaswoj/Projects/Scree/code/screess
19 verbose already installed skipping tsd@^0.6.0-beta.4 /Users/lucaswoj/Projects/Scree/code/screess
20 verbose already installed skipping commander@ /Users/lucaswoj/Projects/Scree/code/screess
21 verbose already installed skipping mapbox-gl-style-lint@^7 /Users/lucaswoj/Projects/Scree/code/screess
22 verbose already installed skipping mapbox-gl-style-spec@^7 /Users/lucaswoj/Projects/Scree/code/screess
23 verbose already installed skipping pegjs@ /Users/lucaswoj/Projects/Scree/code/screess
24 verbose already installed skipping typescript@^1.3.0 /Users/lucaswoj/Projects/Scree/code/screess
25 verbose already installed skipping coffee-script@ /Users/lucaswoj/Projects/Scree/code/screess
26 silly install resolved []
27 info build /Users/lucaswoj/Projects/Scree/code/screess
28 verbose linkStuff [ false, false, false, '/Users/lucaswoj/Projects/Scree/code' ]
29 info linkStuff screess@0.1.0
30 verbose linkBins screess@0.1.0
31 verbose linkMans screess@0.1.0
32 verbose rebuildBundles screess@0.1.0
33 verbose rebuildBundles [ '.bin',
33 verbose rebuildBundles   'browserify',
33 verbose rebuildBundles   'coffee',
33 verbose rebuildBundles   'coffee-script',
33 verbose rebuildBundles   'coffeeify',
33 verbose rebuildBundles   'commander',
33 verbose rebuildBundles   'mapbox-gl-style-lint',
33 verbose rebuildBundles   'mapbox-gl-style-spec',
33 verbose rebuildBundles   'mocha',
33 verbose rebuildBundles   'pegjs',
33 verbose rebuildBundles   'pegjs-coffee-plugin',
33 verbose rebuildBundles   'source-map-support',
33 verbose rebuildBundles   'sugar',
33 verbose rebuildBundles   'tsd',
33 verbose rebuildBundles   'typescript',
33 verbose rebuildBundles   'typescript-require',
33 verbose rebuildBundles   'underscore' ]
34 verbose rebuild bundle /Users/lucaswoj/Projects/Scree/code/screess/node_modules/coffee
35 info build /Users/lucaswoj/Projects/Scree/code/screess/node_modules/coffee
36 info preinstall coffee@0.0.1
37 verbose linkStuff [ false,
37 verbose linkStuff   false,
37 verbose linkStuff   false,
37 verbose linkStuff   '/Users/lucaswoj/Projects/Scree/code/screess/node_modules' ]
38 info linkStuff coffee@0.0.1
39 verbose linkBins coffee@0.0.1
40 verbose linkMans coffee@0.0.1
41 verbose rebuildBundles coffee@0.0.1
42 info install coffee@0.0.1
43 info postinstall coffee@0.0.1
44 verbose rebuild bundle /Users/lucaswoj/Projects/Scree/code/screess/node_modules/coffeeify
45 info build /Users/lucaswoj/Projects/Scree/code/screess/node_modules/coffeeify
46 info preinstall coffeeify@0.7.0
47 verbose linkStuff [ false,
47 verbose linkStuff   false,
47 verbose linkStuff   false,
47 verbose linkStuff   '/Users/lucaswoj/Projects/Scree/code/screess/node_modules' ]
48 info linkStuff coffeeify@0.7.0
49 verbose linkBins coffeeify@0.7.0
50 verbose linkMans coffeeify@0.7.0
51 verbose rebuildBundles coffeeify@0.7.0
52 verbose rebuildBundles [ 'convert-source-map', 'through' ]
53 info install coffeeify@0.7.0
54 info postinstall coffeeify@0.7.0
55 verbose rebuild bundle /Users/lucaswoj/Projects/Scree/code/screess/node_modules/sugar
56 info build /Users/lucaswoj/Projects/Scree/code/screess/node_modules/sugar
57 info preinstall sugar@1.4.1
58 verbose linkStuff [ false,
58 verbose linkStuff   false,
58 verbose linkStuff   false,
58 verbose linkStuff   '/Users/lucaswoj/Projects/Scree/code/screess/node_modules' ]
59 info linkStuff sugar@1.4.1
60 verbose linkBins sugar@1.4.1
61 verbose linkMans sugar@1.4.1
62 verbose rebuildBundles sugar@1.4.1
63 info install sugar@1.4.1
64 info postinstall sugar@1.4.1
65 verbose rebuild bundle /Users/lucaswoj/Projects/Scree/code/screess/node_modules/typescript-require
66 info build /Users/lucaswoj/Projects/Scree/code/screess/node_modules/typescript-require
67 info preinstall typescript-require@0.2.8
68 verbose linkStuff [ false,
68 verbose linkStuff   false,
68 verbose linkStuff   false,
68 verbose linkStuff   '/Users/lucaswoj/Projects/Scree/code/screess/node_modules' ]
69 info linkStuff typescript-require@0.2.8
70 verbose linkBins typescript-require@0.2.8
71 verbose linkMans typescript-require@0.2.8
72 verbose rebuildBundles typescript-require@0.2.8
73 info install typescript-require@0.2.8
74 info postinstall typescript-require@0.2.8
75 verbose rebuild bundle /Users/lucaswoj/Projects/Scree/code/screess/node_modules/underscore
76 info build /Users/lucaswoj/Projects/Scree/code/screess/node_modules/underscore
77 info preinstall underscore@1.8.3
78 verbose linkStuff [ false,
78 verbose linkStuff   false,
78 verbose linkStuff   false,
78 verbose linkStuff   '/Users/lucaswoj/Projects/Scree/code/screess/node_modules' ]
79 info linkStuff underscore@1.8.3
80 verbose linkBins underscore@1.8.3
81 verbose linkMans underscore@1.8.3
82 verbose rebuildBundles underscore@1.8.3
83 info install underscore@1.8.3
84 info postinstall underscore@1.8.3
85 info install screess@0.1.0
86 info postinstall screess@0.1.0
87 info prepublish screess@0.1.0
88 warn unmet dependency /Users/lucaswoj/Projects/Scree/code/screess/node_modules/coffee requires mocha@'1.11.x' but will load
88 warn unmet dependency /Users/lucaswoj/Projects/Scree/code/screess/node_modules/mocha,
88 warn unmet dependency which is version 2.0.1
89 info build /usr/local/lib/node_modules/screess
90 verbose linkStuff [ true,
90 verbose linkStuff   '/usr/local/lib/node_modules',
90 verbose linkStuff   true,
90 verbose linkStuff   '/usr/local/lib/node_modules' ]
91 info linkStuff screess@0.1.0
92 verbose linkBins screess@0.1.0
93 verbose link bins [ { screess: 'compiled/screess' }, '/usr/local/bin', true ]
94 verbose linkMans screess@0.1.0
95 verbose gentlyRm verifying that /Users/lucaswoj/Projects/Scree/code/screess is managed by npm
96 silly isManaged /Users/lucaswoj/Projects/Scree/code/screess is not inside /Users/lucaswoj/Projects/Scree/code/screess/node_modules
97 silly isManaged /Users/lucaswoj/Projects/Scree/code/screess is not inside /Users/lucaswoj/Projects/Scree/code/screess/node_modules
98 silly isManaged /Users/lucaswoj/Projects/Scree/code/screess/node_modules/.bin is inside /Users/lucaswoj/Projects/Scree/code/screess
99 silly gentlyRm /Users/lucaswoj/Projects/Scree/code/screess is managed by npm
100 silly gentlyRm /usr/local/bin/screess is not under /Users/lucaswoj/Projects/Scree/code/screess
101 silly gentlyRm checking to see if /usr/local/bin/screess is a link
102 silly gentlyRm /usr/local/bin/screess is a link
103 silly gentlyRm checking to see if /usr/local/lib/node_modules/screess/compiled/screess is managed by npm
104 silly isManaged /usr/local/lib/node_modules/screess/compiled/screess is not inside /Users/lucaswoj/Projects/Scree/code/screess/node_modules
105 silly isManaged /usr/local/lib/node_modules/screess/compiled/screess is not inside /Users/lucaswoj/Projects/Scree/code/screess/node_modules
106 silly isManaged /usr/local/lib/node_modules/screess/compiled/screess is not inside /Users/lucaswoj/Projects/Scree/code/screess/node_modules/.bin
107 silly isManaged /usr/local/lib/node_modules/screess/compiled/screess is not inside /Users/lucaswoj/Projects/Scree/code/screess
108 silly isManaged /usr/local/lib/node_modules is not inside /usr/local/lib/node_modules/screess/compiled/screess
109 verbose isManaged no path
110 silly isManaged /usr/local/bin is not inside /usr/local/lib/node_modules/screess/compiled/screess
111 silly isManaged /usr/local is not inside /usr/local/lib/node_modules/screess/compiled/screess
112 verbose gentlyRm /usr/local/lib/node_modules/screess/compiled/screess is not managed by npm
113 verbose stack Error: Refusing to delete: /usr/local/bin/screess not in /Users/lucaswoj/Projects/Scree/code/screess
113 verbose stack     at clobberFail (/usr/local/lib/node_modules/npm/lib/utils/gently-rm.js:168:12)
113 verbose stack     at /usr/local/lib/node_modules/npm/lib/utils/gently-rm.js:107:18
113 verbose stack     at zalgoSafe (/usr/local/lib/node_modules/npm/node_modules/dezalgo/dezalgo.js:20:10)
113 verbose stack     at map (/usr/local/lib/node_modules/npm/node_modules/async-some/some.js:28:33)
113 verbose stack     at reduce (/usr/local/lib/node_modules/npm/node_modules/async-some/some.js:38:5)
113 verbose stack     at /usr/local/lib/node_modules/npm/lib/utils/gently-rm.js:134:14
113 verbose stack     at cb (/usr/local/lib/node_modules/npm/node_modules/slide/lib/async-map.js:47:24)
113 verbose stack     at /usr/local/lib/node_modules/npm/lib/utils/gently-rm.js:152:16
113 verbose stack     at FSReqWrap.oncomplete (evalmachine.<anonymous>:99:15)
114 verbose cwd /Users/lucaswoj/Projects/Scree/code/screess
115 error Darwin 14.3.0
116 error argv "node" "/usr/local/bin/npm" "link"
117 error node v0.12.0
118 error npm  v2.5.1
119 error path /usr/local/bin/screess
120 error code EEXIST
121 error Refusing to delete: /usr/local/bin/screess not in /Users/lucaswoj/Projects/Scree/code/screess
File exists: /usr/local/bin/screess
Move it away, and try again.
122 verbose exit [ 1, true ]
